

Started GET "/" for 127.0.0.1 at 2015-05-23 13:13:08 +0200

Mysql2::Error (Access denied for user 'root'@'localhost' (using password: NO)):
  mysql2 (0.3.18) lib/mysql2/client.rb:70:in `connect'
  mysql2 (0.3.18) lib/mysql2/client.rb:70:in `initialize'
  activerecord (4.1.6) lib/active_record/connection_adapters/mysql2_adapter.rb:18:in `new'
  activerecord (4.1.6) lib/active_record/connection_adapters/mysql2_adapter.rb:18:in `mysql2_connection'
  activerecord (4.1.6) lib/active_record/connection_adapters/abstract/connection_pool.rb:435:in `new_connection'
  activerecord (4.1.6) lib/active_record/connection_adapters/abstract/connection_pool.rb:445:in `checkout_new_connection'
  activerecord (4.1.6) lib/active_record/connection_adapters/abstract/connection_pool.rb:416:in `acquire_connection'
  activerecord (4.1.6) lib/active_record/connection_adapters/abstract/connection_pool.rb:351:in `block in checkout'
  /home/andrea/.rbenv/versions/2.1.4/lib/ruby/2.1.0/monitor.rb:211:in `mon_synchronize'
  activerecord (4.1.6) lib/active_record/connection_adapters/abstract/connection_pool.rb:350:in `checkout'
  activerecord (4.1.6) lib/active_record/connection_adapters/abstract/connection_pool.rb:265:in `block in connection'
  /home/andrea/.rbenv/versions/2.1.4/lib/ruby/2.1.0/monitor.rb:211:in `mon_synchronize'
  activerecord (4.1.6) lib/active_record/connection_adapters/abstract/connection_pool.rb:264:in `connection'
  activerecord (4.1.6) lib/active_record/connection_adapters/abstract/connection_pool.rb:541:in `retrieve_connection'
  activerecord (4.1.6) lib/active_record/connection_handling.rb:113:in `retrieve_connection'
  activerecord (4.1.6) lib/active_record/connection_handling.rb:87:in `connection'
  activerecord (4.1.6) lib/active_record/query_cache.rb:51:in `restore_query_cache_settings'
  activerecord (4.1.6) lib/active_record/query_cache.rb:43:in `rescue in call'
  activerecord (4.1.6) lib/active_record/query_cache.rb:32:in `call'
  activerecord (4.1.6) lib/active_record/connection_adapters/abstract/connection_pool.rb:621:in `call'
  activerecord (4.1.6) lib/active_record/migration.rb:380:in `call'
  actionpack (4.1.6) lib/action_dispatch/middleware/callbacks.rb:29:in `block in call'
  activesupport (4.1.6) lib/active_support/callbacks.rb:82:in `run_callbacks'
  actionpack (4.1.6) lib/action_dispatch/middleware/callbacks.rb:27:in `call'
  actionpack (4.1.6) lib/action_dispatch/middleware/reloader.rb:73:in `call'
  actionpack (4.1.6) lib/action_dispatch/middleware/remote_ip.rb:76:in `call'
  actionpack (4.1.6) lib/action_dispatch/middleware/debug_exceptions.rb:17:in `call'
  actionpack (4.1.6) lib/action_dispatch/middleware/show_exceptions.rb:30:in `call'
  railties (4.1.6) lib/rails/rack/logger.rb:38:in `call_app'
  railties (4.1.6) lib/rails/rack/logger.rb:20:in `block in call'
  activesupport (4.1.6) lib/active_support/tagged_logging.rb:68:in `block in tagged'
  activesupport (4.1.6) lib/active_support/tagged_logging.rb:26:in `tagged'
  activesupport (4.1.6) lib/active_support/tagged_logging.rb:68:in `tagged'
  railties (4.1.6) lib/rails/rack/logger.rb:20:in `call'
  actionpack (4.1.6) lib/action_dispatch/middleware/request_id.rb:21:in `call'
  rack (1.5.3) lib/rack/methodoverride.rb:21:in `call'
  rack (1.5.3) lib/rack/runtime.rb:17:in `call'
  activesupport (4.1.6) lib/active_support/cache/strategy/local_cache_middleware.rb:26:in `call'
  rack (1.5.3) lib/rack/lock.rb:17:in `call'
  actionpack (4.1.6) lib/action_dispatch/middleware/static.rb:64:in `call'
  rack (1.5.3) lib/rack/sendfile.rb:112:in `call'
  railties (4.1.6) lib/rails/engine.rb:514:in `call'
  railties (4.1.6) lib/rails/application.rb:144:in `call'
  rack (1.5.3) lib/rack/lock.rb:17:in `call'
  rack (1.5.3) lib/rack/content_length.rb:14:in `call'
  rack (1.5.3) lib/rack/handler/webrick.rb:60:in `service'
  /home/andrea/.rbenv/versions/2.1.4/lib/ruby/2.1.0/webrick/httpserver.rb:138:in `service'
  /home/andrea/.rbenv/versions/2.1.4/lib/ruby/2.1.0/webrick/httpserver.rb:94:in `run'
  /home/andrea/.rbenv/versions/2.1.4/lib/ruby/2.1.0/webrick/server.rb:295:in `block in start_thread'


  Rendered /home/andrea/.rbenv/versions/2.1.4/lib/ruby/gems/2.1.0/gems/actionpack-4.1.6/lib/action_dispatch/middleware/templates/rescues/_source.erb (0.4ms)
  Rendered /home/andrea/.rbenv/versions/2.1.4/lib/ruby/gems/2.1.0/gems/actionpack-4.1.6/lib/action_dispatch/middleware/templates/rescues/_trace.html.erb (0.8ms)
  Rendered /home/andrea/.rbenv/versions/2.1.4/lib/ruby/gems/2.1.0/gems/actionpack-4.1.6/lib/action_dispatch/middleware/templates/rescues/_request_and_response.html.erb (0.6ms)
  Rendered /home/andrea/.rbenv/versions/2.1.4/lib/ruby/gems/2.1.0/gems/actionpack-4.1.6/lib/action_dispatch/middleware/templates/rescues/diagnostics.erb within rescues/layout (14.0ms)


Started GET "/" for 127.0.0.1 at 2015-05-23 13:17:13 +0200
Processing by Rails::WelcomeController#index as HTML
  Rendered /home/andrea/.rbenv/versions/2.1.4/lib/ruby/gems/2.1.0/gems/railties-4.1.6/lib/rails/templates/rails/welcome/index.html.erb (1.2ms)
Completed 200 OK in 22ms (Views: 22.2ms | ActiveRecord: 0.0ms)


Started GET "/rails/info/properties" for 127.0.0.1 at 2015-05-23 13:18:25 +0200
Processing by Rails::InfoController#properties as HTML
  [1m[36mActiveRecord::SchemaMigration Load (0.3ms)[0m  [1mSELECT `schema_migrations`.* FROM `schema_migrations`[0m
  Rendered /home/andrea/.rbenv/versions/2.1.4/lib/ruby/gems/2.1.0/gems/railties-4.1.6/lib/rails/templates/rails/info/properties.html.erb (0.3ms)
Completed 200 OK in 50ms (Views: 17.8ms | ActiveRecord: 1.2ms)


Started GET "/" for 127.0.0.1 at 2015-05-23 13:27:26 +0200
Processing by Rails::WelcomeController#index as HTML
  Rendered /home/andrea/.rbenv/versions/2.1.4/lib/ruby/gems/2.1.0/gems/railties-4.1.6/lib/rails/templates/rails/welcome/index.html.erb (0.0ms)
Completed 200 OK in 1ms (Views: 0.6ms | ActiveRecord: 0.0ms)


Started GET "/" for 127.0.0.1 at 2015-05-23 13:27:27 +0200
Processing by Rails::WelcomeController#index as HTML
  Rendered /home/andrea/.rbenv/versions/2.1.4/lib/ruby/gems/2.1.0/gems/railties-4.1.6/lib/rails/templates/rails/welcome/index.html.erb (0.1ms)
Completed 200 OK in 1ms (Views: 1.0ms | ActiveRecord: 0.0ms)


Started GET "/" for 127.0.0.1 at 2015-05-23 13:27:35 +0200
Processing by Rails::WelcomeController#index as HTML
  Rendered /home/andrea/.rbenv/versions/2.1.4/lib/ruby/gems/2.1.0/gems/railties-4.1.6/lib/rails/templates/rails/welcome/index.html.erb (0.0ms)
Completed 200 OK in 1ms (Views: 0.6ms | ActiveRecord: 0.0ms)


Started GET "/demo/index" for 127.0.0.1 at 2015-05-23 13:27:41 +0200
Processing by DemoController#index as HTML
  Rendered demo/index.html.erb (0.3ms)
Completed 200 OK in 1ms (Views: 0.9ms | ActiveRecord: 0.0ms)


Started GET "/demo/index" for 127.0.0.1 at 2015-05-23 13:37:43 +0200
Processing by DemoController#index as HTML
  Rendered demo/index.html.erb (0.0ms)
Completed 200 OK in 1ms (Views: 0.5ms | ActiveRecord: 0.0ms)


Started GET "/demo/index" for 127.0.0.1 at 2015-05-23 13:40:21 +0200
Processing by DemoController#index as HTML
  Rendered demo/index.html.erb (0.0ms)
Completed 200 OK in 1ms (Views: 0.8ms | ActiveRecord: 0.0ms)


Started GET "/demo/" for 127.0.0.1 at 2015-05-23 13:40:24 +0200

ActionController::RoutingError (No route matches [GET] "/demo"):
  actionpack (4.1.6) lib/action_dispatch/middleware/debug_exceptions.rb:21:in `call'
  actionpack (4.1.6) lib/action_dispatch/middleware/show_exceptions.rb:30:in `call'
  railties (4.1.6) lib/rails/rack/logger.rb:38:in `call_app'
  railties (4.1.6) lib/rails/rack/logger.rb:20:in `block in call'
  activesupport (4.1.6) lib/active_support/tagged_logging.rb:68:in `block in tagged'
  activesupport (4.1.6) lib/active_support/tagged_logging.rb:26:in `tagged'
  activesupport (4.1.6) lib/active_support/tagged_logging.rb:68:in `tagged'
  railties (4.1.6) lib/rails/rack/logger.rb:20:in `call'
  actionpack (4.1.6) lib/action_dispatch/middleware/request_id.rb:21:in `call'
  rack (1.5.3) lib/rack/methodoverride.rb:21:in `call'
  rack (1.5.3) lib/rack/runtime.rb:17:in `call'
  activesupport (4.1.6) lib/active_support/cache/strategy/local_cache_middleware.rb:26:in `call'
  rack (1.5.3) lib/rack/lock.rb:17:in `call'
  actionpack (4.1.6) lib/action_dispatch/middleware/static.rb:64:in `call'
  rack (1.5.3) lib/rack/sendfile.rb:112:in `call'
  railties (4.1.6) lib/rails/engine.rb:514:in `call'
  railties (4.1.6) lib/rails/application.rb:144:in `call'
  rack (1.5.3) lib/rack/lock.rb:17:in `call'
  rack (1.5.3) lib/rack/content_length.rb:14:in `call'
  rack (1.5.3) lib/rack/handler/webrick.rb:60:in `service'
  /home/andrea/.rbenv/versions/2.1.4/lib/ruby/2.1.0/webrick/httpserver.rb:138:in `service'
  /home/andrea/.rbenv/versions/2.1.4/lib/ruby/2.1.0/webrick/httpserver.rb:94:in `run'
  /home/andrea/.rbenv/versions/2.1.4/lib/ruby/2.1.0/webrick/server.rb:295:in `block in start_thread'


  Rendered /home/andrea/.rbenv/versions/2.1.4/lib/ruby/gems/2.1.0/gems/actionpack-4.1.6/lib/action_dispatch/middleware/templates/rescues/_trace.html.erb (0.7ms)
  Rendered /home/andrea/.rbenv/versions/2.1.4/lib/ruby/gems/2.1.0/gems/actionpack-4.1.6/lib/action_dispatch/middleware/templates/routes/_route.html.erb (0.5ms)
  Rendered /home/andrea/.rbenv/versions/2.1.4/lib/ruby/gems/2.1.0/gems/actionpack-4.1.6/lib/action_dispatch/middleware/templates/routes/_table.html.erb (19.8ms)
  Rendered /home/andrea/.rbenv/versions/2.1.4/lib/ruby/gems/2.1.0/gems/actionpack-4.1.6/lib/action_dispatch/middleware/templates/rescues/routing_error.html.erb within rescues/layout (39.5ms)


Started GET "/demo/" for 127.0.0.1 at 2015-05-23 13:47:05 +0200
Processing by DemoController#index as HTML
  Rendered demo/index.html.erb (0.0ms)
Completed 200 OK in 1ms (Views: 0.7ms | ActiveRecord: 0.0ms)


Started GET "/demo/index" for 127.0.0.1 at 2015-05-23 13:47:12 +0200
Processing by DemoController#index as HTML
  Rendered demo/index.html.erb (0.0ms)
Completed 200 OK in 1ms (Views: 0.4ms | ActiveRecord: 0.0ms)


Started GET "/demo" for 127.0.0.1 at 2015-05-23 13:47:16 +0200
Processing by DemoController#index as HTML
  Rendered demo/index.html.erb (0.0ms)
Completed 200 OK in 1ms (Views: 0.8ms | ActiveRecord: 0.0ms)


Started GET "/" for 127.0.0.1 at 2015-05-23 13:47:20 +0200
Processing by Rails::WelcomeController#index as HTML
  Rendered /home/andrea/.rbenv/versions/2.1.4/lib/ruby/gems/2.1.0/gems/railties-4.1.6/lib/rails/templates/rails/welcome/index.html.erb (0.0ms)
Completed 200 OK in 1ms (Views: 0.6ms | ActiveRecord: 0.0ms)


Started GET "/demo/" for 127.0.0.1 at 2015-05-23 13:47:23 +0200
Processing by DemoController#index as HTML
  Rendered demo/index.html.erb (0.0ms)
Completed 200 OK in 1ms (Views: 0.5ms | ActiveRecord: 0.0ms)


Started GET "/" for 127.0.0.1 at 2015-05-23 13:49:16 +0200
Processing by DemoController#index as HTML
  Rendered demo/index.html.erb (0.0ms)
Completed 200 OK in 1ms (Views: 0.9ms | ActiveRecord: 0.0ms)


Started GET "/demo/index" for 127.0.0.1 at 2015-05-23 13:55:16 +0200
Processing by DemoController#index as HTML
  Rendered demo/index.html.erb (0.3ms)
Completed 200 OK in 1ms (Views: 0.7ms | ActiveRecord: 0.0ms)


Started GET "/demo/hello" for 127.0.0.1 at 2015-05-23 13:55:42 +0200
Processing by DemoController#hello as HTML
  Rendered demo/hello.html.erb (0.3ms)
Completed 200 OK in 1ms (Views: 0.8ms | ActiveRecord: 0.0ms)


Started GET "/demo/sine" for 127.0.0.1 at 2015-05-23 13:57:30 +0200

AbstractController::ActionNotFound (The action 'sine' could not be found for DemoController):
  actionpack (4.1.6) lib/abstract_controller/base.rb:131:in `process'
  actionview (4.1.6) lib/action_view/rendering.rb:30:in `process'
  actionpack (4.1.6) lib/action_controller/metal.rb:196:in `dispatch'
  actionpack (4.1.6) lib/action_controller/metal/rack_delegation.rb:13:in `dispatch'
  actionpack (4.1.6) lib/action_controller/metal.rb:232:in `block in action'
  actionpack (4.1.6) lib/action_dispatch/routing/route_set.rb:82:in `call'
  actionpack (4.1.6) lib/action_dispatch/routing/route_set.rb:82:in `dispatch'
  actionpack (4.1.6) lib/action_dispatch/routing/route_set.rb:50:in `call'
  actionpack (4.1.6) lib/action_dispatch/journey/router.rb:73:in `block in call'
  actionpack (4.1.6) lib/action_dispatch/journey/router.rb:59:in `each'
  actionpack (4.1.6) lib/action_dispatch/journey/router.rb:59:in `call'
  actionpack (4.1.6) lib/action_dispatch/routing/route_set.rb:678:in `call'
  rack (1.5.3) lib/rack/etag.rb:23:in `call'
  rack (1.5.3) lib/rack/conditionalget.rb:25:in `call'
  rack (1.5.3) lib/rack/head.rb:11:in `call'
  actionpack (4.1.6) lib/action_dispatch/middleware/params_parser.rb:27:in `call'
  actionpack (4.1.6) lib/action_dispatch/middleware/flash.rb:254:in `call'
  rack (1.5.3) lib/rack/session/abstract/id.rb:225:in `context'
  rack (1.5.3) lib/rack/session/abstract/id.rb:220:in `call'
  actionpack (4.1.6) lib/action_dispatch/middleware/cookies.rb:560:in `call'
  activerecord (4.1.6) lib/active_record/query_cache.rb:36:in `call'
  activerecord (4.1.6) lib/active_record/connection_adapters/abstract/connection_pool.rb:621:in `call'
  activerecord (4.1.6) lib/active_record/migration.rb:380:in `call'
  actionpack (4.1.6) lib/action_dispatch/middleware/callbacks.rb:29:in `block in call'
  activesupport (4.1.6) lib/active_support/callbacks.rb:82:in `run_callbacks'
  actionpack (4.1.6) lib/action_dispatch/middleware/callbacks.rb:27:in `call'
  actionpack (4.1.6) lib/action_dispatch/middleware/reloader.rb:73:in `call'
  actionpack (4.1.6) lib/action_dispatch/middleware/remote_ip.rb:76:in `call'
  actionpack (4.1.6) lib/action_dispatch/middleware/debug_exceptions.rb:17:in `call'
  actionpack (4.1.6) lib/action_dispatch/middleware/show_exceptions.rb:30:in `call'
  railties (4.1.6) lib/rails/rack/logger.rb:38:in `call_app'
  railties (4.1.6) lib/rails/rack/logger.rb:20:in `block in call'
  activesupport (4.1.6) lib/active_support/tagged_logging.rb:68:in `block in tagged'
  activesupport (4.1.6) lib/active_support/tagged_logging.rb:26:in `tagged'
  activesupport (4.1.6) lib/active_support/tagged_logging.rb:68:in `tagged'
  railties (4.1.6) lib/rails/rack/logger.rb:20:in `call'
  actionpack (4.1.6) lib/action_dispatch/middleware/request_id.rb:21:in `call'
  rack (1.5.3) lib/rack/methodoverride.rb:21:in `call'
  rack (1.5.3) lib/rack/runtime.rb:17:in `call'
  activesupport (4.1.6) lib/active_support/cache/strategy/local_cache_middleware.rb:26:in `call'
  rack (1.5.3) lib/rack/lock.rb:17:in `call'
  actionpack (4.1.6) lib/action_dispatch/middleware/static.rb:64:in `call'
  rack (1.5.3) lib/rack/sendfile.rb:112:in `call'
  railties (4.1.6) lib/rails/engine.rb:514:in `call'
  railties (4.1.6) lib/rails/application.rb:144:in `call'
  rack (1.5.3) lib/rack/lock.rb:17:in `call'
  rack (1.5.3) lib/rack/content_length.rb:14:in `call'
  rack (1.5.3) lib/rack/handler/webrick.rb:60:in `service'
  /home/andrea/.rbenv/versions/2.1.4/lib/ruby/2.1.0/webrick/httpserver.rb:138:in `service'
  /home/andrea/.rbenv/versions/2.1.4/lib/ruby/2.1.0/webrick/httpserver.rb:94:in `run'
  /home/andrea/.rbenv/versions/2.1.4/lib/ruby/2.1.0/webrick/server.rb:295:in `block in start_thread'


  Rendered /home/andrea/.rbenv/versions/2.1.4/lib/ruby/gems/2.1.0/gems/actionpack-4.1.6/lib/action_dispatch/middleware/templates/rescues/unknown_action.html.erb within rescues/layout (0.6ms)


Started GET "/demo" for 127.0.0.1 at 2015-05-23 13:59:16 +0200
Processing by DemoController#index as HTML
  Rendered demo/hello.html.erb (0.0ms)
Completed 200 OK in 1ms (Views: 0.6ms | ActiveRecord: 0.0ms)


Started GET "/demo/index" for 127.0.0.1 at 2015-05-23 13:59:19 +0200
Processing by DemoController#index as HTML
  Rendered demo/hello.html.erb (0.0ms)
Completed 200 OK in 1ms (Views: 0.4ms | ActiveRecord: 0.0ms)


Started GET "/demo/hello" for 127.0.0.1 at 2015-05-23 13:59:27 +0200
Processing by DemoController#hello as HTML
  Rendered demo/hello.html.erb (0.0ms)
Completed 200 OK in 1ms (Views: 0.6ms | ActiveRecord: 0.0ms)


Started GET "/demo/hello" for 127.0.0.1 at 2015-05-23 13:59:43 +0200
Processing by DemoController#hello as HTML
  Rendered demo/index.html.erb (0.0ms)
Completed 200 OK in 1ms (Views: 0.7ms | ActiveRecord: 0.0ms)


Started GET "/demo/" for 127.0.0.1 at 2015-05-23 13:59:46 +0200
Processing by DemoController#index as HTML
  Rendered demo/hello.html.erb (0.0ms)
Completed 200 OK in 1ms (Views: 0.4ms | ActiveRecord: 0.0ms)


Started GET "/demo/hello" for 127.0.0.1 at 2015-05-23 14:12:32 +0200
Processing by DemoController#hello as HTML
  Rendered demo/hello.html.erb (0.3ms)
Completed 200 OK in 1ms (Views: 0.8ms | ActiveRecord: 0.0ms)


Started GET "/demo/hello" for 127.0.0.1 at 2015-05-23 14:12:44 +0200
Processing by DemoController#hello as HTML
  Rendered demo/hello.html.erb (0.4ms)
Completed 200 OK in 1ms (Views: 1.1ms | ActiveRecord: 0.0ms)


Started GET "/demo/hello" for 127.0.0.1 at 2015-05-23 14:13:53 +0200
Processing by DemoController#hello as HTML
  Rendered demo/hello.html.erb (0.4ms)
Completed 200 OK in 1ms (Views: 1.0ms | ActiveRecord: 0.0ms)


Started GET "/demo/hello" for 127.0.0.1 at 2015-05-23 14:15:31 +0200
Processing by DemoController#hello as HTML
  Rendered demo/hello.html.erb (0.4ms)
Completed 200 OK in 1ms (Views: 1.0ms | ActiveRecord: 0.0ms)


Started GET "/demo/hello" for 127.0.0.1 at 2015-05-23 14:15:43 +0200
Processing by DemoController#hello as HTML
  Rendered demo/hello.html.erb (0.7ms)
Completed 200 OK in 2ms (Views: 1.5ms | ActiveRecord: 0.0ms)


Started GET "/demo/hello" for 127.0.0.1 at 2015-05-23 14:15:52 +0200
Processing by DemoController#hello as HTML
  Rendered demo/hello.html.erb (0.5ms)
Completed 500 Internal Server Error in 1ms

SyntaxError (/home/andrea/git/rails/simple_cms/app/views/demo/hello.html.erb:7: syntax error, unexpected ')'
...ut_buffer.append=( "xxx" <br> );@output_buffer.safe_append='
...                               ^
/home/andrea/git/rails/simple_cms/app/views/demo/hello.html.erb:8: syntax error, unexpected keyword_end, expecting ')'
'.freeze; end ;@output_buffer.to_s
             ^
/home/andrea/git/rails/simple_cms/app/views/demo/hello.html.erb:9: syntax error, unexpected keyword_ensure, expecting ')'
/home/andrea/git/rails/simple_cms/app/views/demo/hello.html.erb:11: syntax error, unexpected keyword_end, expecting ')'):
  app/views/demo/hello.html.erb:7: syntax error, unexpected ')'
  app/views/demo/hello.html.erb:8: syntax error, unexpected keyword_end, expecting ')'
  app/views/demo/hello.html.erb:9: syntax error, unexpected keyword_ensure, expecting ')'
  app/views/demo/hello.html.erb:11: syntax error, unexpected keyword_end, expecting ')'


  Rendered /home/andrea/.rbenv/versions/2.1.4/lib/ruby/gems/2.1.0/gems/actionpack-4.1.6/lib/action_dispatch/middleware/templates/rescues/_source.erb (0.5ms)
  Rendered /home/andrea/.rbenv/versions/2.1.4/lib/ruby/gems/2.1.0/gems/actionpack-4.1.6/lib/action_dispatch/middleware/templates/rescues/_trace.html.erb (0.9ms)
  Rendered /home/andrea/.rbenv/versions/2.1.4/lib/ruby/gems/2.1.0/gems/actionpack-4.1.6/lib/action_dispatch/middleware/templates/rescues/_request_and_response.html.erb (28.4ms)
  Rendered /home/andrea/.rbenv/versions/2.1.4/lib/ruby/gems/2.1.0/gems/actionpack-4.1.6/lib/action_dispatch/middleware/templates/rescues/diagnostics.erb within rescues/layout (35.9ms)


Started GET "/demo/hello" for 127.0.0.1 at 2015-05-23 14:16:03 +0200
Processing by DemoController#hello as HTML
  Rendered demo/hello.html.erb (0.7ms)
Completed 200 OK in 2ms (Views: 1.5ms | ActiveRecord: 0.0ms)


Started GET "/" for 127.0.0.1 at 2015-05-23 16:56:43 +0200
Processing by DemoController#index as HTML
  Rendered demo/hello.html.erb (0.9ms)
Completed 200 OK in 33ms (Views: 32.6ms | ActiveRecord: 0.0ms)
